<?xml version="1.0" encoding="UTF-8"?>
<!-- Generated by org.testng.reporters.JUnitReportReporter -->
<testsuite skipped="0" hostname="LAPTOP-ADRDM8GE" name="webPortal.GoogleTest" tests="1" failures="0" timestamp="2021-03-05T13:54:21 AST" time="6.603" errors="0">
  <testcase name="test1" time="6.603" classname="webPortal.GoogleTest"/>
  <system-out/>
</testsuite> <!-- webPortal.GoogleTest -->
